The system is: Darwin - 20.6.0 - x86_64
Compiling the C compiler identification source file "CMakeCCompilerId.c" succeeded.
Compiler: /Library/Developer/CommandLineTools/usr/bin/cc 
Build flags: 
Id flags: -c 

The output was:
0


Compilation of the C compiler identification source "CMakeCCompilerId.c" produced "CMakeCCompilerId.o"

The C compiler identification is AppleClang, found in "/Users/me/Code/Previous-tweaks/previous-code/build/CMakeFiles/3.21.1/CompilerIdC/CMakeCCompilerId.o"

Compiling the CXX compiler identification source file "CMakeCXXCompilerId.cpp" succeeded.
Compiler: /Library/Developer/CommandLineTools/usr/bin/c++ 
Build flags: 
Id flags: -c 

The output was:
0


Compilation of the CXX compiler identification source "CMakeCXXCompilerId.cpp" produced "CMakeCXXCompilerId.o"

The CXX compiler identification is AppleClang, found in "/Users/me/Code/Previous-tweaks/previous-code/build/CMakeFiles/3.21.1/CompilerIdCXX/CMakeCXXCompilerId.o"

Detecting C compiler ABI info compiled with the following output:
Change Dir: /Users/me/Code/Previous-tweaks/previous-code/build/CMakeFiles/CMakeTmp

Run Build Command(s):/usr/bin/make -f Makefile cmTC_4ef16/fast && /Library/Developer/CommandLineTools/usr/bin/make  -f CMakeFiles/cmTC_4ef16.dir/build.make CMakeFiles/cmTC_4ef16.dir/build
Building C object CMakeFiles/cmTC_4ef16.dir/CMakeCCompilerABI.c.o
/Library/Developer/CommandLineTools/usr/bin/cc   -isysroot /Library/Developer/CommandLineTools/SDKs/MacOSX12.1.sdk -mmacosx-version-min=11.6   -v -Wl,-v -MD -MT CMakeFiles/cmTC_4ef16.dir/CMakeCCompilerABI.c.o -MF CMakeFiles/cmTC_4ef16.dir/CMakeCCompilerABI.c.o.d -o CMakeFiles/cmTC_4ef16.dir/CMakeCCompilerABI.c.o -c /usr/local/Cellar/cmake/3.21.1/share/cmake/Modules/CMakeCCompilerABI.c
Apple clang version 13.0.0 (clang-1300.0.29.30)
Target: x86_64-apple-darwin20.6.0
Thread model: posix
InstalledDir: /Library/Developer/CommandLineTools/usr/bin
clang: warning: -Wl,-v: 'linker' input unused [-Wunused-command-line-argument]
 "/Library/Developer/CommandLineTools/usr/bin/clang" -cc1 -triple x86_64-apple-macosx11.6.0 -Wundef-prefix=TARGET_OS_ -Wdeprecated-objc-isa-usage -Werror=deprecated-objc-isa-usage -Werror=implicit-function-declaration -emit-obj -mrelax-all --mrelax-relocations -disable-free -disable-llvm-verifier -discard-value-names -main-file-name CMakeCCompilerABI.c -mrelocation-model pic -pic-level 2 -mframe-pointer=all -fno-strict-return -fno-rounding-math -munwind-tables -target-sdk-version=12.1 -fvisibility-inlines-hidden-static-local-var -target-cpu penryn -tune-cpu generic -debugger-tuning=lldb -target-linker-version 711 -v -resource-dir /Library/Developer/CommandLineTools/usr/lib/clang/13.0.0 -dependency-file CMakeFiles/cmTC_4ef16.dir/CMakeCCompilerABI.c.o.d -skip-unused-modulemap-deps -MT CMakeFiles/cmTC_4ef16.dir/CMakeCCompilerABI.c.o -sys-header-deps -isysroot /Library/Developer/CommandLineTools/SDKs/MacOSX12.1.sdk -internal-isystem /Library/Developer/CommandLineTools/SDKs/MacOSX12.1.sdk/usr/local/include -internal-isystem /Library/Developer/CommandLineTools/usr/lib/clang/13.0.0/include -internal-externc-isystem /Library/Developer/CommandLineTools/SDKs/MacOSX12.1.sdk/usr/include -internal-externc-isystem /Library/Developer/CommandLineTools/usr/include -Wno-reorder-init-list -Wno-implicit-int-float-conversion -Wno-c99-designator -Wno-final-dtor-non-final-class -Wno-extra-semi-stmt -Wno-misleading-indentation -Wno-quoted-include-in-framework-header -Wno-implicit-fallthrough -Wno-enum-enum-conversion -Wno-enum-float-conversion -Wno-elaborated-enum-base -fdebug-compilation-dir /Users/me/Code/Previous-tweaks/previous-code/build/CMakeFiles/CMakeTmp -ferror-limit 19 -stack-protector 1 -fstack-check -mdarwin-stkchk-strong-link -fblocks -fencode-extended-block-signature -fregister-global-dtors-with-atexit -fgnuc-version=4.2.1 -fmax-type-align=16 -fcommon -clang-vendor-feature=+nullptrToBoolConversion -clang-vendor-feature=+messageToSelfInClassMethodIdReturnType -clang-vendor-feature=+disableInferNewAvailabilityFromInit -clang-vendor-feature=+disableNeonImmediateRangeCheck -clang-vendor-feature=+disableNonDependentMemberExprInCurrentInstantiation -fno-odr-hash-protocols -clang-vendor-feature=+revert09abecef7bbf -mllvm -disable-aligned-alloc-awareness=1 -mllvm -enable-dse-memoryssa=0 -o CMakeFiles/cmTC_4ef16.dir/CMakeCCompilerABI.c.o -x c /usr/local/Cellar/cmake/3.21.1/share/cmake/Modules/CMakeCCompilerABI.c
clang -cc1 version 13.0.0 (clang-1300.0.29.30) default target x86_64-apple-darwin20.6.0
ignoring nonexistent directory "/Library/Developer/CommandLineTools/SDKs/MacOSX12.1.sdk/usr/local/include"
ignoring nonexistent directory "/Library/Developer/CommandLineTools/SDKs/MacOSX12.1.sdk/Library/Frameworks"
#include "..." search starts here:
#include <...> search starts here:
 /Library/Developer/CommandLineTools/usr/lib/clang/13.0.0/include
 /Library/Developer/CommandLineTools/SDKs/MacOSX12.1.sdk/usr/include
 /Library/Developer/CommandLineTools/usr/include
 /Library/Developer/CommandLineTools/SDKs/MacOSX12.1.sdk/System/Library/Frameworks (framework directory)
End of search list.
Linking C executable cmTC_4ef16
/usr/local/Cellar/cmake/3.21.1/bin/cmake -E cmake_link_script CMakeFiles/cmTC_4ef16.dir/link.txt --verbose=1
/Library/Developer/CommandLineTools/usr/bin/cc  -isysroot /Library/Developer/CommandLineTools/SDKs/MacOSX12.1.sdk -mmacosx-version-min=11.6 -Wl,-search_paths_first -Wl,-headerpad_max_install_names -L/usr/local/opt/libpcap/lib -v -Wl,-v CMakeFiles/cmTC_4ef16.dir/CMakeCCompilerABI.c.o -o cmTC_4ef16 
Apple clang version 13.0.0 (clang-1300.0.29.30)
Target: x86_64-apple-darwin20.6.0
Thread model: posix
InstalledDir: /Library/Developer/CommandLineTools/usr/bin
 "/Library/Developer/CommandLineTools/usr/bin/ld" -demangle -lto_library /Library/Developer/CommandLineTools/usr/lib/libLTO.dylib -dynamic -arch x86_64 -platform_version macos 11.6.0 12.1 -syslibroot /Library/Developer/CommandLineTools/SDKs/MacOSX12.1.sdk -o cmTC_4ef16 -L/usr/local/opt/libpcap/lib -search_paths_first -headerpad_max_install_names -v CMakeFiles/cmTC_4ef16.dir/CMakeCCompilerABI.c.o -lSystem /Library/Developer/CommandLineTools/usr/lib/clang/13.0.0/lib/darwin/libclang_rt.osx.a
@(#)PROGRAM:ld  PROJECT:ld64-711
BUILD 21:57:11 Nov 17 2021
configured to support archs: armv6 armv7 armv7s arm64 arm64e arm64_32 i386 x86_64 x86_64h armv6m armv7k armv7m armv7em
Library search paths:
	/usr/local/opt/libpcap/lib
	/Library/Developer/CommandLineTools/SDKs/MacOSX12.1.sdk/usr/lib
Framework search paths:
	/Library/Developer/CommandLineTools/SDKs/MacOSX12.1.sdk/System/Library/Frameworks/



Parsed C implicit include dir info from above output: rv=done
  found start of include info
  found start of implicit include info
    add: [/Library/Developer/CommandLineTools/usr/lib/clang/13.0.0/include]
    add: [/Library/Developer/CommandLineTools/SDKs/MacOSX12.1.sdk/usr/include]
    add: [/Library/Developer/CommandLineTools/usr/include]
  end of search list found
  collapse include dir [/Library/Developer/CommandLineTools/usr/lib/clang/13.0.0/include] ==> [/Library/Developer/CommandLineTools/usr/lib/clang/13.0.0/include]
  collapse include dir [/Library/Developer/CommandLineTools/SDKs/MacOSX12.1.sdk/usr/include] ==> [/Library/Developer/CommandLineTools/SDKs/MacOSX12.1.sdk/usr/include]
  collapse include dir [/Library/Developer/CommandLineTools/usr/include] ==> [/Library/Developer/CommandLineTools/usr/include]
  implicit include dirs: [/Library/Developer/CommandLineTools/usr/lib/clang/13.0.0/include;/Library/Developer/CommandLineTools/SDKs/MacOSX12.1.sdk/usr/include;/Library/Developer/CommandLineTools/usr/include]


Parsed C implicit link information from above output:
  link line regex: [^( *|.*[/\])(ld|CMAKE_LINK_STARTFILE-NOTFOUND|([^/\]+-)?ld|collect2)[^/\]*( |$)]
  ignore line: [Change Dir: /Users/me/Code/Previous-tweaks/previous-code/build/CMakeFiles/CMakeTmp]
  ignore line: []
  ignore line: [Run Build Command(s):/usr/bin/make -f Makefile cmTC_4ef16/fast && /Library/Developer/CommandLineTools/usr/bin/make  -f CMakeFiles/cmTC_4ef16.dir/build.make CMakeFiles/cmTC_4ef16.dir/build]
  ignore line: [Building C object CMakeFiles/cmTC_4ef16.dir/CMakeCCompilerABI.c.o]
  ignore line: [/Library/Developer/CommandLineTools/usr/bin/cc   -isysroot /Library/Developer/CommandLineTools/SDKs/MacOSX12.1.sdk -mmacosx-version-min=11.6   -v -Wl -v -MD -MT CMakeFiles/cmTC_4ef16.dir/CMakeCCompilerABI.c.o -MF CMakeFiles/cmTC_4ef16.dir/CMakeCCompilerABI.c.o.d -o CMakeFiles/cmTC_4ef16.dir/CMakeCCompilerABI.c.o -c /usr/local/Cellar/cmake/3.21.1/share/cmake/Modules/CMakeCCompilerABI.c]
  ignore line: [Apple clang version 13.0.0 (clang-1300.0.29.30)]
  ignore line: [Target: x86_64-apple-darwin20.6.0]
  ignore line: [Thread model: posix]
  ignore line: [InstalledDir: /Library/Developer/CommandLineTools/usr/bin]
  ignore line: [clang: warning: -Wl -v: 'linker' input unused [-Wunused-command-line-argument]]
  ignore line: [ "/Library/Developer/CommandLineTools/usr/bin/clang" -cc1 -triple x86_64-apple-macosx11.6.0 -Wundef-prefix=TARGET_OS_ -Wdeprecated-objc-isa-usage -Werror=deprecated-objc-isa-usage -Werror=implicit-function-declaration -emit-obj -mrelax-all --mrelax-relocations -disable-free -disable-llvm-verifier -discard-value-names -main-file-name CMakeCCompilerABI.c -mrelocation-model pic -pic-level 2 -mframe-pointer=all -fno-strict-return -fno-rounding-math -munwind-tables -target-sdk-version=12.1 -fvisibility-inlines-hidden-static-local-var -target-cpu penryn -tune-cpu generic -debugger-tuning=lldb -target-linker-version 711 -v -resource-dir /Library/Developer/CommandLineTools/usr/lib/clang/13.0.0 -dependency-file CMakeFiles/cmTC_4ef16.dir/CMakeCCompilerABI.c.o.d -skip-unused-modulemap-deps -MT CMakeFiles/cmTC_4ef16.dir/CMakeCCompilerABI.c.o -sys-header-deps -isysroot /Library/Developer/CommandLineTools/SDKs/MacOSX12.1.sdk -internal-isystem /Library/Developer/CommandLineTools/SDKs/MacOSX12.1.sdk/usr/local/include -internal-isystem /Library/Developer/CommandLineTools/usr/lib/clang/13.0.0/include -internal-externc-isystem /Library/Developer/CommandLineTools/SDKs/MacOSX12.1.sdk/usr/include -internal-externc-isystem /Library/Developer/CommandLineTools/usr/include -Wno-reorder-init-list -Wno-implicit-int-float-conversion -Wno-c99-designator -Wno-final-dtor-non-final-class -Wno-extra-semi-stmt -Wno-misleading-indentation -Wno-quoted-include-in-framework-header -Wno-implicit-fallthrough -Wno-enum-enum-conversion -Wno-enum-float-conversion -Wno-elaborated-enum-base -fdebug-compilation-dir /Users/me/Code/Previous-tweaks/previous-code/build/CMakeFiles/CMakeTmp -ferror-limit 19 -stack-protector 1 -fstack-check -mdarwin-stkchk-strong-link -fblocks -fencode-extended-block-signature -fregister-global-dtors-with-atexit -fgnuc-version=4.2.1 -fmax-type-align=16 -fcommon -clang-vendor-feature=+nullptrToBoolConversion -clang-vendor-feature=+messageToSelfInClassMethodIdReturnType -clang-vendor-feature=+disableInferNewAvailabilityFromInit -clang-vendor-feature=+disableNeonImmediateRangeCheck -clang-vendor-feature=+disableNonDependentMemberExprInCurrentInstantiation -fno-odr-hash-protocols -clang-vendor-feature=+revert09abecef7bbf -mllvm -disable-aligned-alloc-awareness=1 -mllvm -enable-dse-memoryssa=0 -o CMakeFiles/cmTC_4ef16.dir/CMakeCCompilerABI.c.o -x c /usr/local/Cellar/cmake/3.21.1/share/cmake/Modules/CMakeCCompilerABI.c]
  ignore line: [clang -cc1 version 13.0.0 (clang-1300.0.29.30) default target x86_64-apple-darwin20.6.0]
  ignore line: [ignoring nonexistent directory "/Library/Developer/CommandLineTools/SDKs/MacOSX12.1.sdk/usr/local/include"]
  ignore line: [ignoring nonexistent directory "/Library/Developer/CommandLineTools/SDKs/MacOSX12.1.sdk/Library/Frameworks"]
  ignore line: [#include "..." search starts here:]
  ignore line: [#include <...> search starts here:]
  ignore line: [ /Library/Developer/CommandLineTools/usr/lib/clang/13.0.0/include]
  ignore line: [ /Library/Developer/CommandLineTools/SDKs/MacOSX12.1.sdk/usr/include]
  ignore line: [ /Library/Developer/CommandLineTools/usr/include]
  ignore line: [ /Library/Developer/CommandLineTools/SDKs/MacOSX12.1.sdk/System/Library/Frameworks (framework directory)]
  ignore line: [End of search list.]
  ignore line: [Linking C executable cmTC_4ef16]
  ignore line: [/usr/local/Cellar/cmake/3.21.1/bin/cmake -E cmake_link_script CMakeFiles/cmTC_4ef16.dir/link.txt --verbose=1]
  ignore line: [/Library/Developer/CommandLineTools/usr/bin/cc  -isysroot /Library/Developer/CommandLineTools/SDKs/MacOSX12.1.sdk -mmacosx-version-min=11.6 -Wl -search_paths_first -Wl -headerpad_max_install_names -L/usr/local/opt/libpcap/lib -v -Wl -v CMakeFiles/cmTC_4ef16.dir/CMakeCCompilerABI.c.o -o cmTC_4ef16 ]
  ignore line: [Apple clang version 13.0.0 (clang-1300.0.29.30)]
  ignore line: [Target: x86_64-apple-darwin20.6.0]
  ignore line: [Thread model: posix]
  ignore line: [InstalledDir: /Library/Developer/CommandLineTools/usr/bin]
  link line: [ "/Library/Developer/CommandLineTools/usr/bin/ld" -demangle -lto_library /Library/Developer/CommandLineTools/usr/lib/libLTO.dylib -dynamic -arch x86_64 -platform_version macos 11.6.0 12.1 -syslibroot /Library/Developer/CommandLineTools/SDKs/MacOSX12.1.sdk -o cmTC_4ef16 -L/usr/local/opt/libpcap/lib -search_paths_first -headerpad_max_install_names -v CMakeFiles/cmTC_4ef16.dir/CMakeCCompilerABI.c.o -lSystem /Library/Developer/CommandLineTools/usr/lib/clang/13.0.0/lib/darwin/libclang_rt.osx.a]
    arg [/Library/Developer/CommandLineTools/usr/bin/ld] ==> ignore
    arg [-demangle] ==> ignore
    arg [-lto_library] ==> ignore, skip following value
    arg [/Library/Developer/CommandLineTools/usr/lib/libLTO.dylib] ==> skip value of -lto_library
    arg [-dynamic] ==> ignore
    arg [-arch] ==> ignore
    arg [x86_64] ==> ignore
    arg [-platform_version] ==> ignore
    arg [macos] ==> ignore
    arg [11.6.0] ==> ignore
    arg [12.1] ==> ignore
    arg [-syslibroot] ==> ignore
    arg [/Library/Developer/CommandLineTools/SDKs/MacOSX12.1.sdk] ==> ignore
    arg [-o] ==> ignore
    arg [cmTC_4ef16] ==> ignore
    arg [-L/usr/local/opt/libpcap/lib] ==> dir [/usr/local/opt/libpcap/lib]
    arg [-search_paths_first] ==> ignore
    arg [-headerpad_max_install_names] ==> ignore
    arg [-v] ==> ignore
    arg [CMakeFiles/cmTC_4ef16.dir/CMakeCCompilerABI.c.o] ==> ignore
    arg [-lSystem] ==> lib [System]
    arg [/Library/Developer/CommandLineTools/usr/lib/clang/13.0.0/lib/darwin/libclang_rt.osx.a] ==> lib [/Library/Developer/CommandLineTools/usr/lib/clang/13.0.0/lib/darwin/libclang_rt.osx.a]
  Library search paths: [;/usr/local/opt/libpcap/lib;/Library/Developer/CommandLineTools/SDKs/MacOSX12.1.sdk/usr/lib]
  Framework search paths: [;/Library/Developer/CommandLineTools/SDKs/MacOSX12.1.sdk/System/Library/Frameworks/]
  remove lib [System]
  remove lib [/Library/Developer/CommandLineTools/usr/lib/clang/13.0.0/lib/darwin/libclang_rt.osx.a]
  collapse library dir [/usr/local/opt/libpcap/lib] ==> [/usr/local/opt/libpcap/lib]
  collapse library dir [/usr/local/opt/libpcap/lib] ==> [/usr/local/opt/libpcap/lib]
  collapse library dir [/Library/Developer/CommandLineTools/SDKs/MacOSX12.1.sdk/usr/lib] ==> [/Library/Developer/CommandLineTools/SDKs/MacOSX12.1.sdk/usr/lib]
  collapse framework dir [/Library/Developer/CommandLineTools/SDKs/MacOSX12.1.sdk/System/Library/Frameworks/] ==> [/Library/Developer/CommandLineTools/SDKs/MacOSX12.1.sdk/System/Library/Frameworks]
  implicit libs: []
  implicit objs: []
  implicit dirs: [/usr/local/opt/libpcap/lib;/Library/Developer/CommandLineTools/SDKs/MacOSX12.1.sdk/usr/lib]
  implicit fwks: [/Library/Developer/CommandLineTools/SDKs/MacOSX12.1.sdk/System/Library/Frameworks]


Detecting CXX compiler ABI info compiled with the following output:
Change Dir: /Users/me/Code/Previous-tweaks/previous-code/build/CMakeFiles/CMakeTmp

Run Build Command(s):/usr/bin/make -f Makefile cmTC_b6d52/fast && /Library/Developer/CommandLineTools/usr/bin/make  -f CMakeFiles/cmTC_b6d52.dir/build.make CMakeFiles/cmTC_b6d52.dir/build
Building CXX object CMakeFiles/cmTC_b6d52.dir/CMakeCXXCompilerABI.cpp.o
/Library/Developer/CommandLineTools/usr/bin/c++   -isysroot /Library/Developer/CommandLineTools/SDKs/MacOSX12.1.sdk -mmacosx-version-min=11.6   -v -Wl,-v -MD -MT CMakeFiles/cmTC_b6d52.dir/CMakeCXXCompilerABI.cpp.o -MF CMakeFiles/cmTC_b6d52.dir/CMakeCXXCompilerABI.cpp.o.d -o CMakeFiles/cmTC_b6d52.dir/CMakeCXXCompilerABI.cpp.o -c /usr/local/Cellar/cmake/3.21.1/share/cmake/Modules/CMakeCXXCompilerABI.cpp
Apple clang version 13.0.0 (clang-1300.0.29.30)
Target: x86_64-apple-darwin20.6.0
Thread model: posix
InstalledDir: /Library/Developer/CommandLineTools/usr/bin
clang: warning: -Wl,-v: 'linker' input unused [-Wunused-command-line-argument]
 "/Library/Developer/CommandLineTools/usr/bin/clang" -cc1 -triple x86_64-apple-macosx11.6.0 -Wundef-prefix=TARGET_OS_ -Wdeprecated-objc-isa-usage -Werror=deprecated-objc-isa-usage -Werror=implicit-function-declaration -emit-obj -mrelax-all --mrelax-relocations -disable-free -disable-llvm-verifier -discard-value-names -main-file-name CMakeCXXCompilerABI.cpp -mrelocation-model pic -pic-level 2 -mframe-pointer=all -fno-strict-return -fno-rounding-math -munwind-tables -target-sdk-version=12.1 -fvisibility-inlines-hidden-static-local-var -target-cpu penryn -tune-cpu generic -debugger-tuning=lldb -target-linker-version 711 -v -resource-dir /Library/Developer/CommandLineTools/usr/lib/clang/13.0.0 -dependency-file CMakeFiles/cmTC_b6d52.dir/CMakeCXXCompilerABI.cpp.o.d -skip-unused-modulemap-deps -MT CMakeFiles/cmTC_b6d52.dir/CMakeCXXCompilerABI.cpp.o -sys-header-deps -isysroot /Library/Developer/CommandLineTools/SDKs/MacOSX12.1.sdk -stdlib=libc++ -internal-isystem /Library/Developer/CommandLineTools/SDKs/MacOSX12.1.sdk/usr/include/c++/v1 -internal-isystem /Library/Developer/CommandLineTools/SDKs/MacOSX12.1.sdk/usr/local/include -internal-isystem /Library/Developer/CommandLineTools/usr/lib/clang/13.0.0/include -internal-externc-isystem /Library/Developer/CommandLineTools/SDKs/MacOSX12.1.sdk/usr/include -internal-externc-isystem /Library/Developer/CommandLineTools/usr/include -Wno-reorder-init-list -Wno-implicit-int-float-conversion -Wno-c99-designator -Wno-final-dtor-non-final-class -Wno-extra-semi-stmt -Wno-misleading-indentation -Wno-quoted-include-in-framework-header -Wno-implicit-fallthrough -Wno-enum-enum-conversion -Wno-enum-float-conversion -Wno-elaborated-enum-base -fdeprecated-macro -fdebug-compilation-dir /Users/me/Code/Previous-tweaks/previous-code/build/CMakeFiles/CMakeTmp -ferror-limit 19 -stack-protector 1 -fstack-check -mdarwin-stkchk-strong-link -fblocks -fencode-extended-block-signature -fregister-global-dtors-with-atexit -fgnuc-version=4.2.1 -fno-cxx-modules -fcxx-exceptions -fexceptions -fmax-type-align=16 -fcommon -clang-vendor-feature=+nullptrToBoolConversion -clang-vendor-feature=+messageToSelfInClassMethodIdReturnType -clang-vendor-feature=+disableInferNewAvailabilityFromInit -clang-vendor-feature=+disableNeonImmediateRangeCheck -clang-vendor-feature=+disableNonDependentMemberExprInCurrentInstantiation -fno-odr-hash-protocols -clang-vendor-feature=+revert09abecef7bbf -mllvm -disable-aligned-alloc-awareness=1 -mllvm -enable-dse-memoryssa=0 -o CMakeFiles/cmTC_b6d52.dir/CMakeCXXCompilerABI.cpp.o -x c++ /usr/local/Cellar/cmake/3.21.1/share/cmake/Modules/CMakeCXXCompilerABI.cpp
clang -cc1 version 13.0.0 (clang-1300.0.29.30) default target x86_64-apple-darwin20.6.0
ignoring nonexistent directory "/Library/Developer/CommandLineTools/SDKs/MacOSX12.1.sdk/usr/local/include"
ignoring nonexistent directory "/Library/Developer/CommandLineTools/SDKs/MacOSX12.1.sdk/Library/Frameworks"
#include "..." search starts here:
#include <...> search starts here:
 /Library/Developer/CommandLineTools/SDKs/MacOSX12.1.sdk/usr/include/c++/v1
 /Library/Developer/CommandLineTools/usr/lib/clang/13.0.0/include
 /Library/Developer/CommandLineTools/SDKs/MacOSX12.1.sdk/usr/include
 /Library/Developer/CommandLineTools/usr/include
 /Library/Developer/CommandLineTools/SDKs/MacOSX12.1.sdk/System/Library/Frameworks (framework directory)
End of search list.
Linking CXX executable cmTC_b6d52
/usr/local/Cellar/cmake/3.21.1/bin/cmake -E cmake_link_script CMakeFiles/cmTC_b6d52.dir/link.txt --verbose=1
/Library/Developer/CommandLineTools/usr/bin/c++  -isysroot /Library/Developer/CommandLineTools/SDKs/MacOSX12.1.sdk -mmacosx-version-min=11.6 -Wl,-search_paths_first -Wl,-headerpad_max_install_names -L/usr/local/opt/libpcap/lib -v -Wl,-v CMakeFiles/cmTC_b6d52.dir/CMakeCXXCompilerABI.cpp.o -o cmTC_b6d52 
Apple clang version 13.0.0 (clang-1300.0.29.30)
Target: x86_64-apple-darwin20.6.0
Thread model: posix
InstalledDir: /Library/Developer/CommandLineTools/usr/bin
 "/Library/Developer/CommandLineTools/usr/bin/ld" -demangle -lto_library /Library/Developer/CommandLineTools/usr/lib/libLTO.dylib -dynamic -arch x86_64 -platform_version macos 11.6.0 12.1 -syslibroot /Library/Developer/CommandLineTools/SDKs/MacOSX12.1.sdk -o cmTC_b6d52 -L/usr/local/opt/libpcap/lib -search_paths_first -headerpad_max_install_names -v CMakeFiles/cmTC_b6d52.dir/CMakeCXXCompilerABI.cpp.o -lc++ -lSystem /Library/Developer/CommandLineTools/usr/lib/clang/13.0.0/lib/darwin/libclang_rt.osx.a
@(#)PROGRAM:ld  PROJECT:ld64-711
BUILD 21:57:11 Nov 17 2021
configured to support archs: armv6 armv7 armv7s arm64 arm64e arm64_32 i386 x86_64 x86_64h armv6m armv7k armv7m armv7em
Library search paths:
	/usr/local/opt/libpcap/lib
	/Library/Developer/CommandLineTools/SDKs/MacOSX12.1.sdk/usr/lib
Framework search paths:
	/Library/Developer/CommandLineTools/SDKs/MacOSX12.1.sdk/System/Library/Frameworks/



Parsed CXX implicit include dir info from above output: rv=done
  found start of include info
  found start of implicit include info
    add: [/Library/Developer/CommandLineTools/SDKs/MacOSX12.1.sdk/usr/include/c++/v1]
    add: [/Library/Developer/CommandLineTools/usr/lib/clang/13.0.0/include]
    add: [/Library/Developer/CommandLineTools/SDKs/MacOSX12.1.sdk/usr/include]
    add: [/Library/Developer/CommandLineTools/usr/include]
  end of search list found
  collapse include dir [/Library/Developer/CommandLineTools/SDKs/MacOSX12.1.sdk/usr/include/c++/v1] ==> [/Library/Developer/CommandLineTools/SDKs/MacOSX12.1.sdk/usr/include/c++/v1]
  collapse include dir [/Library/Developer/CommandLineTools/usr/lib/clang/13.0.0/include] ==> [/Library/Developer/CommandLineTools/usr/lib/clang/13.0.0/include]
  collapse include dir [/Library/Developer/CommandLineTools/SDKs/MacOSX12.1.sdk/usr/include] ==> [/Library/Developer/CommandLineTools/SDKs/MacOSX12.1.sdk/usr/include]
  collapse include dir [/Library/Developer/CommandLineTools/usr/include] ==> [/Library/Developer/CommandLineTools/usr/include]
  implicit include dirs: [/Library/Developer/CommandLineTools/SDKs/MacOSX12.1.sdk/usr/include/c++/v1;/Library/Developer/CommandLineTools/usr/lib/clang/13.0.0/include;/Library/Developer/CommandLineTools/SDKs/MacOSX12.1.sdk/usr/include;/Library/Developer/CommandLineTools/usr/include]


Parsed CXX implicit link information from above output:
  link line regex: [^( *|.*[/\])(ld|CMAKE_LINK_STARTFILE-NOTFOUND|([^/\]+-)?ld|collect2)[^/\]*( |$)]
  ignore line: [Change Dir: /Users/me/Code/Previous-tweaks/previous-code/build/CMakeFiles/CMakeTmp]
  ignore line: []
  ignore line: [Run Build Command(s):/usr/bin/make -f Makefile cmTC_b6d52/fast && /Library/Developer/CommandLineTools/usr/bin/make  -f CMakeFiles/cmTC_b6d52.dir/build.make CMakeFiles/cmTC_b6d52.dir/build]
  ignore line: [Building CXX object CMakeFiles/cmTC_b6d52.dir/CMakeCXXCompilerABI.cpp.o]
  ignore line: [/Library/Developer/CommandLineTools/usr/bin/c++   -isysroot /Library/Developer/CommandLineTools/SDKs/MacOSX12.1.sdk -mmacosx-version-min=11.6   -v -Wl -v -MD -MT CMakeFiles/cmTC_b6d52.dir/CMakeCXXCompilerABI.cpp.o -MF CMakeFiles/cmTC_b6d52.dir/CMakeCXXCompilerABI.cpp.o.d -o CMakeFiles/cmTC_b6d52.dir/CMakeCXXCompilerABI.cpp.o -c /usr/local/Cellar/cmake/3.21.1/share/cmake/Modules/CMakeCXXCompilerABI.cpp]
  ignore line: [Apple clang version 13.0.0 (clang-1300.0.29.30)]
  ignore line: [Target: x86_64-apple-darwin20.6.0]
  ignore line: [Thread model: posix]
  ignore line: [InstalledDir: /Library/Developer/CommandLineTools/usr/bin]
  ignore line: [clang: warning: -Wl -v: 'linker' input unused [-Wunused-command-line-argument]]
  ignore line: [ "/Library/Developer/CommandLineTools/usr/bin/clang" -cc1 -triple x86_64-apple-macosx11.6.0 -Wundef-prefix=TARGET_OS_ -Wdeprecated-objc-isa-usage -Werror=deprecated-objc-isa-usage -Werror=implicit-function-declaration -emit-obj -mrelax-all --mrelax-relocations -disable-free -disable-llvm-verifier -discard-value-names -main-file-name CMakeCXXCompilerABI.cpp -mrelocation-model pic -pic-level 2 -mframe-pointer=all -fno-strict-return -fno-rounding-math -munwind-tables -target-sdk-version=12.1 -fvisibility-inlines-hidden-static-local-var -target-cpu penryn -tune-cpu generic -debugger-tuning=lldb -target-linker-version 711 -v -resource-dir /Library/Developer/CommandLineTools/usr/lib/clang/13.0.0 -dependency-file CMakeFiles/cmTC_b6d52.dir/CMakeCXXCompilerABI.cpp.o.d -skip-unused-modulemap-deps -MT CMakeFiles/cmTC_b6d52.dir/CMakeCXXCompilerABI.cpp.o -sys-header-deps -isysroot /Library/Developer/CommandLineTools/SDKs/MacOSX12.1.sdk -stdlib=libc++ -internal-isystem /Library/Developer/CommandLineTools/SDKs/MacOSX12.1.sdk/usr/include/c++/v1 -internal-isystem /Library/Developer/CommandLineTools/SDKs/MacOSX12.1.sdk/usr/local/include -internal-isystem /Library/Developer/CommandLineTools/usr/lib/clang/13.0.0/include -internal-externc-isystem /Library/Developer/CommandLineTools/SDKs/MacOSX12.1.sdk/usr/include -internal-externc-isystem /Library/Developer/CommandLineTools/usr/include -Wno-reorder-init-list -Wno-implicit-int-float-conversion -Wno-c99-designator -Wno-final-dtor-non-final-class -Wno-extra-semi-stmt -Wno-misleading-indentation -Wno-quoted-include-in-framework-header -Wno-implicit-fallthrough -Wno-enum-enum-conversion -Wno-enum-float-conversion -Wno-elaborated-enum-base -fdeprecated-macro -fdebug-compilation-dir /Users/me/Code/Previous-tweaks/previous-code/build/CMakeFiles/CMakeTmp -ferror-limit 19 -stack-protector 1 -fstack-check -mdarwin-stkchk-strong-link -fblocks -fencode-extended-block-signature -fregister-global-dtors-with-atexit -fgnuc-version=4.2.1 -fno-cxx-modules -fcxx-exceptions -fexceptions -fmax-type-align=16 -fcommon -clang-vendor-feature=+nullptrToBoolConversion -clang-vendor-feature=+messageToSelfInClassMethodIdReturnType -clang-vendor-feature=+disableInferNewAvailabilityFromInit -clang-vendor-feature=+disableNeonImmediateRangeCheck -clang-vendor-feature=+disableNonDependentMemberExprInCurrentInstantiation -fno-odr-hash-protocols -clang-vendor-feature=+revert09abecef7bbf -mllvm -disable-aligned-alloc-awareness=1 -mllvm -enable-dse-memoryssa=0 -o CMakeFiles/cmTC_b6d52.dir/CMakeCXXCompilerABI.cpp.o -x c++ /usr/local/Cellar/cmake/3.21.1/share/cmake/Modules/CMakeCXXCompilerABI.cpp]
  ignore line: [clang -cc1 version 13.0.0 (clang-1300.0.29.30) default target x86_64-apple-darwin20.6.0]
  ignore line: [ignoring nonexistent directory "/Library/Developer/CommandLineTools/SDKs/MacOSX12.1.sdk/usr/local/include"]
  ignore line: [ignoring nonexistent directory "/Library/Developer/CommandLineTools/SDKs/MacOSX12.1.sdk/Library/Frameworks"]
  ignore line: [#include "..." search starts here:]
  ignore line: [#include <...> search starts here:]
  ignore line: [ /Library/Developer/CommandLineTools/SDKs/MacOSX12.1.sdk/usr/include/c++/v1]
  ignore line: [ /Library/Developer/CommandLineTools/usr/lib/clang/13.0.0/include]
  ignore line: [ /Library/Developer/CommandLineTools/SDKs/MacOSX12.1.sdk/usr/include]
  ignore line: [ /Library/Developer/CommandLineTools/usr/include]
  ignore line: [ /Library/Developer/CommandLineTools/SDKs/MacOSX12.1.sdk/System/Library/Frameworks (framework directory)]
  ignore line: [End of search list.]
  ignore line: [Linking CXX executable cmTC_b6d52]
  ignore line: [/usr/local/Cellar/cmake/3.21.1/bin/cmake -E cmake_link_script CMakeFiles/cmTC_b6d52.dir/link.txt --verbose=1]
  ignore line: [/Library/Developer/CommandLineTools/usr/bin/c++  -isysroot /Library/Developer/CommandLineTools/SDKs/MacOSX12.1.sdk -mmacosx-version-min=11.6 -Wl -search_paths_first -Wl -headerpad_max_install_names -L/usr/local/opt/libpcap/lib -v -Wl -v CMakeFiles/cmTC_b6d52.dir/CMakeCXXCompilerABI.cpp.o -o cmTC_b6d52 ]
  ignore line: [Apple clang version 13.0.0 (clang-1300.0.29.30)]
  ignore line: [Target: x86_64-apple-darwin20.6.0]
  ignore line: [Thread model: posix]
  ignore line: [InstalledDir: /Library/Developer/CommandLineTools/usr/bin]
  link line: [ "/Library/Developer/CommandLineTools/usr/bin/ld" -demangle -lto_library /Library/Developer/CommandLineTools/usr/lib/libLTO.dylib -dynamic -arch x86_64 -platform_version macos 11.6.0 12.1 -syslibroot /Library/Developer/CommandLineTools/SDKs/MacOSX12.1.sdk -o cmTC_b6d52 -L/usr/local/opt/libpcap/lib -search_paths_first -headerpad_max_install_names -v CMakeFiles/cmTC_b6d52.dir/CMakeCXXCompilerABI.cpp.o -lc++ -lSystem /Library/Developer/CommandLineTools/usr/lib/clang/13.0.0/lib/darwin/libclang_rt.osx.a]
    arg [/Library/Developer/CommandLineTools/usr/bin/ld] ==> ignore
    arg [-demangle] ==> ignore
    arg [-lto_library] ==> ignore, skip following value
    arg [/Library/Developer/CommandLineTools/usr/lib/libLTO.dylib] ==> skip value of -lto_library
    arg [-dynamic] ==> ignore
    arg [-arch] ==> ignore
    arg [x86_64] ==> ignore
    arg [-platform_version] ==> ignore
    arg [macos] ==> ignore
    arg [11.6.0] ==> ignore
    arg [12.1] ==> ignore
    arg [-syslibroot] ==> ignore
    arg [/Library/Developer/CommandLineTools/SDKs/MacOSX12.1.sdk] ==> ignore
    arg [-o] ==> ignore
    arg [cmTC_b6d52] ==> ignore
    arg [-L/usr/local/opt/libpcap/lib] ==> dir [/usr/local/opt/libpcap/lib]
    arg [-search_paths_first] ==> ignore
    arg [-headerpad_max_install_names] ==> ignore
    arg [-v] ==> ignore
    arg [CMakeFiles/cmTC_b6d52.dir/CMakeCXXCompilerABI.cpp.o] ==> ignore
    arg [-lc++] ==> lib [c++]
    arg [-lSystem] ==> lib [System]
    arg [/Library/Developer/CommandLineTools/usr/lib/clang/13.0.0/lib/darwin/libclang_rt.osx.a] ==> lib [/Library/Developer/CommandLineTools/usr/lib/clang/13.0.0/lib/darwin/libclang_rt.osx.a]
  Library search paths: [;/usr/local/opt/libpcap/lib;/Library/Developer/CommandLineTools/SDKs/MacOSX12.1.sdk/usr/lib]
  Framework search paths: [;/Library/Developer/CommandLineTools/SDKs/MacOSX12.1.sdk/System/Library/Frameworks/]
  remove lib [System]
  remove lib [/Library/Developer/CommandLineTools/usr/lib/clang/13.0.0/lib/darwin/libclang_rt.osx.a]
  collapse library dir [/usr/local/opt/libpcap/lib] ==> [/usr/local/opt/libpcap/lib]
  collapse library dir [/usr/local/opt/libpcap/lib] ==> [/usr/local/opt/libpcap/lib]
  collapse library dir [/Library/Developer/CommandLineTools/SDKs/MacOSX12.1.sdk/usr/lib] ==> [/Library/Developer/CommandLineTools/SDKs/MacOSX12.1.sdk/usr/lib]
  collapse framework dir [/Library/Developer/CommandLineTools/SDKs/MacOSX12.1.sdk/System/Library/Frameworks/] ==> [/Library/Developer/CommandLineTools/SDKs/MacOSX12.1.sdk/System/Library/Frameworks]
  implicit libs: [c++]
  implicit objs: []
  implicit dirs: [/usr/local/opt/libpcap/lib;/Library/Developer/CommandLineTools/SDKs/MacOSX12.1.sdk/usr/lib]
  implicit fwks: [/Library/Developer/CommandLineTools/SDKs/MacOSX12.1.sdk/System/Library/Frameworks]


Determining if the rl_filename_completion_function exist passed with the following output:
Change Dir: /Users/me/Code/Previous-tweaks/previous-code/build/CMakeFiles/CMakeTmp

Run Build Command(s):/usr/bin/make -f Makefile cmTC_1afd6/fast && /Library/Developer/CommandLineTools/usr/bin/make  -f CMakeFiles/cmTC_1afd6.dir/build.make CMakeFiles/cmTC_1afd6.dir/build
Building C object CMakeFiles/cmTC_1afd6.dir/CheckSymbolExists.c.o
/Library/Developer/CommandLineTools/usr/bin/cc  -I/Library/Developer/CommandLineTools/SDKs/MacOSX12.1.sdk/usr/include/readline -isysroot /Library/Developer/CommandLineTools/SDKs/MacOSX12.1.sdk -mmacosx-version-min=11.6 -MD -MT CMakeFiles/cmTC_1afd6.dir/CheckSymbolExists.c.o -MF CMakeFiles/cmTC_1afd6.dir/CheckSymbolExists.c.o.d -o CMakeFiles/cmTC_1afd6.dir/CheckSymbolExists.c.o -c /Users/me/Code/Previous-tweaks/previous-code/build/CMakeFiles/CMakeTmp/CheckSymbolExists.c
Linking C executable cmTC_1afd6
/usr/local/Cellar/cmake/3.21.1/bin/cmake -E cmake_link_script CMakeFiles/cmTC_1afd6.dir/link.txt --verbose=1
/Library/Developer/CommandLineTools/usr/bin/cc  -isysroot /Library/Developer/CommandLineTools/SDKs/MacOSX12.1.sdk -mmacosx-version-min=11.6 -Wl,-search_paths_first -Wl,-headerpad_max_install_names -L/usr/local/opt/libpcap/lib  CMakeFiles/cmTC_1afd6.dir/CheckSymbolExists.c.o -o cmTC_1afd6  /Library/Developer/CommandLineTools/SDKs/MacOSX12.1.sdk/usr/lib/libreadline.tbd 


File /Users/me/Code/Previous-tweaks/previous-code/build/CMakeFiles/CMakeTmp/CheckSymbolExists.c:
/* */
#include <stdio.h>
#include <readline.h>

int main(int argc, char** argv)
{
  (void)argv;
#ifndef rl_filename_completion_function
  return ((int*)(&rl_filename_completion_function))[argc];
#else
  (void)argc;
  return 0;
#endif
}
Performing C SOURCE FILE Test PCAP_LINKS_SOLO succeeded with the following output:
Change Dir: /Users/me/Code/Previous-tweaks/previous-code/build/CMakeFiles/CMakeTmp

Run Build Command(s):/usr/bin/make -f Makefile cmTC_c4efa/fast && /Library/Developer/CommandLineTools/usr/bin/make  -f CMakeFiles/cmTC_c4efa.dir/build.make CMakeFiles/cmTC_c4efa.dir/build
Building C object CMakeFiles/cmTC_c4efa.dir/src.c.o
/Library/Developer/CommandLineTools/usr/bin/cc -DPCAP_LINKS_SOLO  -isysroot /Library/Developer/CommandLineTools/SDKs/MacOSX12.1.sdk -mmacosx-version-min=11.6 -MD -MT CMakeFiles/cmTC_c4efa.dir/src.c.o -MF CMakeFiles/cmTC_c4efa.dir/src.c.o.d -o CMakeFiles/cmTC_c4efa.dir/src.c.o -c /Users/me/Code/Previous-tweaks/previous-code/build/CMakeFiles/CMakeTmp/src.c
Linking C executable cmTC_c4efa
/usr/local/Cellar/cmake/3.21.1/bin/cmake -E cmake_link_script CMakeFiles/cmTC_c4efa.dir/link.txt --verbose=1
/Library/Developer/CommandLineTools/usr/bin/cc  -isysroot /Library/Developer/CommandLineTools/SDKs/MacOSX12.1.sdk -mmacosx-version-min=11.6 -Wl,-search_paths_first -Wl,-headerpad_max_install_names -L/usr/local/opt/libpcap/lib  CMakeFiles/cmTC_c4efa.dir/src.c.o -o cmTC_c4efa  /Library/Developer/CommandLineTools/SDKs/MacOSX12.1.sdk/usr/lib/libpcap.tbd 


Source file was:
int main() { return 0; }
Determining if files strings.h exist passed with the following output:
Change Dir: /Users/me/Code/Previous-tweaks/previous-code/build/CMakeFiles/CMakeTmp

Run Build Command(s):/usr/bin/make -f Makefile cmTC_849f8/fast && /Library/Developer/CommandLineTools/usr/bin/make  -f CMakeFiles/cmTC_849f8.dir/build.make CMakeFiles/cmTC_849f8.dir/build
Building C object CMakeFiles/cmTC_849f8.dir/HAVE_STRINGS_H.c.o
/Library/Developer/CommandLineTools/usr/bin/cc   -isysroot /Library/Developer/CommandLineTools/SDKs/MacOSX12.1.sdk -mmacosx-version-min=11.6 -MD -MT CMakeFiles/cmTC_849f8.dir/HAVE_STRINGS_H.c.o -MF CMakeFiles/cmTC_849f8.dir/HAVE_STRINGS_H.c.o.d -o CMakeFiles/cmTC_849f8.dir/HAVE_STRINGS_H.c.o -c /Users/me/Code/Previous-tweaks/previous-code/build/CMakeFiles/CheckIncludeFiles/HAVE_STRINGS_H.c
Linking C executable cmTC_849f8
/usr/local/Cellar/cmake/3.21.1/bin/cmake -E cmake_link_script CMakeFiles/cmTC_849f8.dir/link.txt --verbose=1
/Library/Developer/CommandLineTools/usr/bin/cc  -isysroot /Library/Developer/CommandLineTools/SDKs/MacOSX12.1.sdk -mmacosx-version-min=11.6 -Wl,-search_paths_first -Wl,-headerpad_max_install_names -L/usr/local/opt/libpcap/lib  CMakeFiles/cmTC_849f8.dir/HAVE_STRINGS_H.c.o -o cmTC_849f8 



Determining if files limits.h exist passed with the following output:
Change Dir: /Users/me/Code/Previous-tweaks/previous-code/build/CMakeFiles/CMakeTmp

Run Build Command(s):/usr/bin/make -f Makefile cmTC_a4010/fast && /Library/Developer/CommandLineTools/usr/bin/make  -f CMakeFiles/cmTC_a4010.dir/build.make CMakeFiles/cmTC_a4010.dir/build
Building C object CMakeFiles/cmTC_a4010.dir/HAVE_LIMITS_H.c.o
/Library/Developer/CommandLineTools/usr/bin/cc   -isysroot /Library/Developer/CommandLineTools/SDKs/MacOSX12.1.sdk -mmacosx-version-min=11.6 -MD -MT CMakeFiles/cmTC_a4010.dir/HAVE_LIMITS_H.c.o -MF CMakeFiles/cmTC_a4010.dir/HAVE_LIMITS_H.c.o.d -o CMakeFiles/cmTC_a4010.dir/HAVE_LIMITS_H.c.o -c /Users/me/Code/Previous-tweaks/previous-code/build/CMakeFiles/CheckIncludeFiles/HAVE_LIMITS_H.c
Linking C executable cmTC_a4010
/usr/local/Cellar/cmake/3.21.1/bin/cmake -E cmake_link_script CMakeFiles/cmTC_a4010.dir/link.txt --verbose=1
/Library/Developer/CommandLineTools/usr/bin/cc  -isysroot /Library/Developer/CommandLineTools/SDKs/MacOSX12.1.sdk -mmacosx-version-min=11.6 -Wl,-search_paths_first -Wl,-headerpad_max_install_names -L/usr/local/opt/libpcap/lib  CMakeFiles/cmTC_a4010.dir/HAVE_LIMITS_H.c.o -o cmTC_a4010 



Determining if files sys/syslimits.h exist passed with the following output:
Change Dir: /Users/me/Code/Previous-tweaks/previous-code/build/CMakeFiles/CMakeTmp

Run Build Command(s):/usr/bin/make -f Makefile cmTC_77d2b/fast && /Library/Developer/CommandLineTools/usr/bin/make  -f CMakeFiles/cmTC_77d2b.dir/build.make CMakeFiles/cmTC_77d2b.dir/build
Building C object CMakeFiles/cmTC_77d2b.dir/HAVE_SYS_SYSLIMITS_H.c.o
/Library/Developer/CommandLineTools/usr/bin/cc   -isysroot /Library/Developer/CommandLineTools/SDKs/MacOSX12.1.sdk -mmacosx-version-min=11.6 -MD -MT CMakeFiles/cmTC_77d2b.dir/HAVE_SYS_SYSLIMITS_H.c.o -MF CMakeFiles/cmTC_77d2b.dir/HAVE_SYS_SYSLIMITS_H.c.o.d -o CMakeFiles/cmTC_77d2b.dir/HAVE_SYS_SYSLIMITS_H.c.o -c /Users/me/Code/Previous-tweaks/previous-code/build/CMakeFiles/CheckIncludeFiles/HAVE_SYS_SYSLIMITS_H.c
Linking C executable cmTC_77d2b
/usr/local/Cellar/cmake/3.21.1/bin/cmake -E cmake_link_script CMakeFiles/cmTC_77d2b.dir/link.txt --verbose=1
/Library/Developer/CommandLineTools/usr/bin/cc  -isysroot /Library/Developer/CommandLineTools/SDKs/MacOSX12.1.sdk -mmacosx-version-min=11.6 -Wl,-search_paths_first -Wl,-headerpad_max_install_names -L/usr/local/opt/libpcap/lib  CMakeFiles/cmTC_77d2b.dir/HAVE_SYS_SYSLIMITS_H.c.o -o cmTC_77d2b 



Determining if files sys/types.h exist passed with the following output:
Change Dir: /Users/me/Code/Previous-tweaks/previous-code/build/CMakeFiles/CMakeTmp

Run Build Command(s):/usr/bin/make -f Makefile cmTC_24565/fast && /Library/Developer/CommandLineTools/usr/bin/make  -f CMakeFiles/cmTC_24565.dir/build.make CMakeFiles/cmTC_24565.dir/build
Building C object CMakeFiles/cmTC_24565.dir/HAVE_SYS_TYPES_H.c.o
/Library/Developer/CommandLineTools/usr/bin/cc   -isysroot /Library/Developer/CommandLineTools/SDKs/MacOSX12.1.sdk -mmacosx-version-min=11.6 -MD -MT CMakeFiles/cmTC_24565.dir/HAVE_SYS_TYPES_H.c.o -MF CMakeFiles/cmTC_24565.dir/HAVE_SYS_TYPES_H.c.o.d -o CMakeFiles/cmTC_24565.dir/HAVE_SYS_TYPES_H.c.o -c /Users/me/Code/Previous-tweaks/previous-code/build/CMakeFiles/CheckIncludeFiles/HAVE_SYS_TYPES_H.c
Linking C executable cmTC_24565
/usr/local/Cellar/cmake/3.21.1/bin/cmake -E cmake_link_script CMakeFiles/cmTC_24565.dir/link.txt --verbose=1
/Library/Developer/CommandLineTools/usr/bin/cc  -isysroot /Library/Developer/CommandLineTools/SDKs/MacOSX12.1.sdk -mmacosx-version-min=11.6 -Wl,-search_paths_first -Wl,-headerpad_max_install_names -L/usr/local/opt/libpcap/lib  CMakeFiles/cmTC_24565.dir/HAVE_SYS_TYPES_H.c.o -o cmTC_24565 



Determining if files sys/xattr.h exist passed with the following output:
Change Dir: /Users/me/Code/Previous-tweaks/previous-code/build/CMakeFiles/CMakeTmp

Run Build Command(s):/usr/bin/make -f Makefile cmTC_6fe0c/fast && /Library/Developer/CommandLineTools/usr/bin/make  -f CMakeFiles/cmTC_6fe0c.dir/build.make CMakeFiles/cmTC_6fe0c.dir/build
Building C object CMakeFiles/cmTC_6fe0c.dir/HAVE_SYS_XATTR_H.c.o
/Library/Developer/CommandLineTools/usr/bin/cc   -isysroot /Library/Developer/CommandLineTools/SDKs/MacOSX12.1.sdk -mmacosx-version-min=11.6 -MD -MT CMakeFiles/cmTC_6fe0c.dir/HAVE_SYS_XATTR_H.c.o -MF CMakeFiles/cmTC_6fe0c.dir/HAVE_SYS_XATTR_H.c.o.d -o CMakeFiles/cmTC_6fe0c.dir/HAVE_SYS_XATTR_H.c.o -c /Users/me/Code/Previous-tweaks/previous-code/build/CMakeFiles/CheckIncludeFiles/HAVE_SYS_XATTR_H.c
Linking C executable cmTC_6fe0c
/usr/local/Cellar/cmake/3.21.1/bin/cmake -E cmake_link_script CMakeFiles/cmTC_6fe0c.dir/link.txt --verbose=1
/Library/Developer/CommandLineTools/usr/bin/cc  -isysroot /Library/Developer/CommandLineTools/SDKs/MacOSX12.1.sdk -mmacosx-version-min=11.6 -Wl,-search_paths_first -Wl,-headerpad_max_install_names -L/usr/local/opt/libpcap/lib  CMakeFiles/cmTC_6fe0c.dir/HAVE_SYS_XATTR_H.c.o -o cmTC_6fe0c 



Determining if files arpa/inet.h exist passed with the following output:
Change Dir: /Users/me/Code/Previous-tweaks/previous-code/build/CMakeFiles/CMakeTmp

Run Build Command(s):/usr/bin/make -f Makefile cmTC_1ebb2/fast && /Library/Developer/CommandLineTools/usr/bin/make  -f CMakeFiles/cmTC_1ebb2.dir/build.make CMakeFiles/cmTC_1ebb2.dir/build
Building C object CMakeFiles/cmTC_1ebb2.dir/HAVE_ARPA_INET_H.c.o
/Library/Developer/CommandLineTools/usr/bin/cc   -isysroot /Library/Developer/CommandLineTools/SDKs/MacOSX12.1.sdk -mmacosx-version-min=11.6 -MD -MT CMakeFiles/cmTC_1ebb2.dir/HAVE_ARPA_INET_H.c.o -MF CMakeFiles/cmTC_1ebb2.dir/HAVE_ARPA_INET_H.c.o.d -o CMakeFiles/cmTC_1ebb2.dir/HAVE_ARPA_INET_H.c.o -c /Users/me/Code/Previous-tweaks/previous-code/build/CMakeFiles/CheckIncludeFiles/HAVE_ARPA_INET_H.c
Linking C executable cmTC_1ebb2
/usr/local/Cellar/cmake/3.21.1/bin/cmake -E cmake_link_script CMakeFiles/cmTC_1ebb2.dir/link.txt --verbose=1
/Library/Developer/CommandLineTools/usr/bin/cc  -isysroot /Library/Developer/CommandLineTools/SDKs/MacOSX12.1.sdk -mmacosx-version-min=11.6 -Wl,-search_paths_first -Wl,-headerpad_max_install_names -L/usr/local/opt/libpcap/lib  CMakeFiles/cmTC_1ebb2.dir/HAVE_ARPA_INET_H.c.o -o cmTC_1ebb2 



Determining if files netinet/in.h exist passed with the following output:
Change Dir: /Users/me/Code/Previous-tweaks/previous-code/build/CMakeFiles/CMakeTmp

Run Build Command(s):/usr/bin/make -f Makefile cmTC_d0c56/fast && /Library/Developer/CommandLineTools/usr/bin/make  -f CMakeFiles/cmTC_d0c56.dir/build.make CMakeFiles/cmTC_d0c56.dir/build
Building C object CMakeFiles/cmTC_d0c56.dir/HAVE_NETINET_IN_H.c.o
/Library/Developer/CommandLineTools/usr/bin/cc   -isysroot /Library/Developer/CommandLineTools/SDKs/MacOSX12.1.sdk -mmacosx-version-min=11.6 -MD -MT CMakeFiles/cmTC_d0c56.dir/HAVE_NETINET_IN_H.c.o -MF CMakeFiles/cmTC_d0c56.dir/HAVE_NETINET_IN_H.c.o.d -o CMakeFiles/cmTC_d0c56.dir/HAVE_NETINET_IN_H.c.o -c /Users/me/Code/Previous-tweaks/previous-code/build/CMakeFiles/CheckIncludeFiles/HAVE_NETINET_IN_H.c
Linking C executable cmTC_d0c56
/usr/local/Cellar/cmake/3.21.1/bin/cmake -E cmake_link_script CMakeFiles/cmTC_d0c56.dir/link.txt --verbose=1
/Library/Developer/CommandLineTools/usr/bin/cc  -isysroot /Library/Developer/CommandLineTools/SDKs/MacOSX12.1.sdk -mmacosx-version-min=11.6 -Wl,-search_paths_first -Wl,-headerpad_max_install_names -L/usr/local/opt/libpcap/lib  CMakeFiles/cmTC_d0c56.dir/HAVE_NETINET_IN_H.c.o -o cmTC_d0c56 



Determining if the function setenv exists passed with the following output:
Change Dir: /Users/me/Code/Previous-tweaks/previous-code/build/CMakeFiles/CMakeTmp

Run Build Command(s):/usr/bin/make -f Makefile cmTC_86b58/fast && /Library/Developer/CommandLineTools/usr/bin/make  -f CMakeFiles/cmTC_86b58.dir/build.make CMakeFiles/cmTC_86b58.dir/build
Building C object CMakeFiles/cmTC_86b58.dir/CheckFunctionExists.c.o
/Library/Developer/CommandLineTools/usr/bin/cc   -DCHECK_FUNCTION_EXISTS=setenv -isysroot /Library/Developer/CommandLineTools/SDKs/MacOSX12.1.sdk -mmacosx-version-min=11.6 -MD -MT CMakeFiles/cmTC_86b58.dir/CheckFunctionExists.c.o -MF CMakeFiles/cmTC_86b58.dir/CheckFunctionExists.c.o.d -o CMakeFiles/cmTC_86b58.dir/CheckFunctionExists.c.o -c /usr/local/Cellar/cmake/3.21.1/share/cmake/Modules/CheckFunctionExists.c
Linking C executable cmTC_86b58
/usr/local/Cellar/cmake/3.21.1/bin/cmake -E cmake_link_script CMakeFiles/cmTC_86b58.dir/link.txt --verbose=1
/Library/Developer/CommandLineTools/usr/bin/cc  -DCHECK_FUNCTION_EXISTS=setenv -isysroot /Library/Developer/CommandLineTools/SDKs/MacOSX12.1.sdk -mmacosx-version-min=11.6 -Wl,-search_paths_first -Wl,-headerpad_max_install_names -L/usr/local/opt/libpcap/lib  CMakeFiles/cmTC_86b58.dir/CheckFunctionExists.c.o -o cmTC_86b58 



Determining if the function select exists passed with the following output:
Change Dir: /Users/me/Code/Previous-tweaks/previous-code/build/CMakeFiles/CMakeTmp

Run Build Command(s):/usr/bin/make -f Makefile cmTC_8bd61/fast && /Library/Developer/CommandLineTools/usr/bin/make  -f CMakeFiles/cmTC_8bd61.dir/build.make CMakeFiles/cmTC_8bd61.dir/build
Building C object CMakeFiles/cmTC_8bd61.dir/CheckFunctionExists.c.o
/Library/Developer/CommandLineTools/usr/bin/cc   -DCHECK_FUNCTION_EXISTS=select -isysroot /Library/Developer/CommandLineTools/SDKs/MacOSX12.1.sdk -mmacosx-version-min=11.6 -MD -MT CMakeFiles/cmTC_8bd61.dir/CheckFunctionExists.c.o -MF CMakeFiles/cmTC_8bd61.dir/CheckFunctionExists.c.o.d -o CMakeFiles/cmTC_8bd61.dir/CheckFunctionExists.c.o -c /usr/local/Cellar/cmake/3.21.1/share/cmake/Modules/CheckFunctionExists.c
Linking C executable cmTC_8bd61
/usr/local/Cellar/cmake/3.21.1/bin/cmake -E cmake_link_script CMakeFiles/cmTC_8bd61.dir/link.txt --verbose=1
/Library/Developer/CommandLineTools/usr/bin/cc  -DCHECK_FUNCTION_EXISTS=select -isysroot /Library/Developer/CommandLineTools/SDKs/MacOSX12.1.sdk -mmacosx-version-min=11.6 -Wl,-search_paths_first -Wl,-headerpad_max_install_names -L/usr/local/opt/libpcap/lib  CMakeFiles/cmTC_8bd61.dir/CheckFunctionExists.c.o -o cmTC_8bd61 



Determining if the function gettimeofday exists passed with the following output:
Change Dir: /Users/me/Code/Previous-tweaks/previous-code/build/CMakeFiles/CMakeTmp

Run Build Command(s):/usr/bin/make -f Makefile cmTC_d0011/fast && /Library/Developer/CommandLineTools/usr/bin/make  -f CMakeFiles/cmTC_d0011.dir/build.make CMakeFiles/cmTC_d0011.dir/build
Building C object CMakeFiles/cmTC_d0011.dir/CheckFunctionExists.c.o
/Library/Developer/CommandLineTools/usr/bin/cc   -DCHECK_FUNCTION_EXISTS=gettimeofday -isysroot /Library/Developer/CommandLineTools/SDKs/MacOSX12.1.sdk -mmacosx-version-min=11.6 -MD -MT CMakeFiles/cmTC_d0011.dir/CheckFunctionExists.c.o -MF CMakeFiles/cmTC_d0011.dir/CheckFunctionExists.c.o.d -o CMakeFiles/cmTC_d0011.dir/CheckFunctionExists.c.o -c /usr/local/Cellar/cmake/3.21.1/share/cmake/Modules/CheckFunctionExists.c
Linking C executable cmTC_d0011
/usr/local/Cellar/cmake/3.21.1/bin/cmake -E cmake_link_script CMakeFiles/cmTC_d0011.dir/link.txt --verbose=1
/Library/Developer/CommandLineTools/usr/bin/cc  -DCHECK_FUNCTION_EXISTS=gettimeofday -isysroot /Library/Developer/CommandLineTools/SDKs/MacOSX12.1.sdk -mmacosx-version-min=11.6 -Wl,-search_paths_first -Wl,-headerpad_max_install_names -L/usr/local/opt/libpcap/lib  CMakeFiles/cmTC_d0011.dir/CheckFunctionExists.c.o -o cmTC_d0011 



Determining if the function nanosleep exists passed with the following output:
Change Dir: /Users/me/Code/Previous-tweaks/previous-code/build/CMakeFiles/CMakeTmp

Run Build Command(s):/usr/bin/make -f Makefile cmTC_e1eb3/fast && /Library/Developer/CommandLineTools/usr/bin/make  -f CMakeFiles/cmTC_e1eb3.dir/build.make CMakeFiles/cmTC_e1eb3.dir/build
Building C object CMakeFiles/cmTC_e1eb3.dir/CheckFunctionExists.c.o
/Library/Developer/CommandLineTools/usr/bin/cc   -DCHECK_FUNCTION_EXISTS=nanosleep -isysroot /Library/Developer/CommandLineTools/SDKs/MacOSX12.1.sdk -mmacosx-version-min=11.6 -MD -MT CMakeFiles/cmTC_e1eb3.dir/CheckFunctionExists.c.o -MF CMakeFiles/cmTC_e1eb3.dir/CheckFunctionExists.c.o.d -o CMakeFiles/cmTC_e1eb3.dir/CheckFunctionExists.c.o -c /usr/local/Cellar/cmake/3.21.1/share/cmake/Modules/CheckFunctionExists.c
Linking C executable cmTC_e1eb3
/usr/local/Cellar/cmake/3.21.1/bin/cmake -E cmake_link_script CMakeFiles/cmTC_e1eb3.dir/link.txt --verbose=1
/Library/Developer/CommandLineTools/usr/bin/cc  -DCHECK_FUNCTION_EXISTS=nanosleep -isysroot /Library/Developer/CommandLineTools/SDKs/MacOSX12.1.sdk -mmacosx-version-min=11.6 -Wl,-search_paths_first -Wl,-headerpad_max_install_names -L/usr/local/opt/libpcap/lib  CMakeFiles/cmTC_e1eb3.dir/CheckFunctionExists.c.o -o cmTC_e1eb3 



Determining if the function alphasort exists passed with the following output:
Change Dir: /Users/me/Code/Previous-tweaks/previous-code/build/CMakeFiles/CMakeTmp

Run Build Command(s):/usr/bin/make -f Makefile cmTC_23e1f/fast && /Library/Developer/CommandLineTools/usr/bin/make  -f CMakeFiles/cmTC_23e1f.dir/build.make CMakeFiles/cmTC_23e1f.dir/build
Building C object CMakeFiles/cmTC_23e1f.dir/CheckFunctionExists.c.o
/Library/Developer/CommandLineTools/usr/bin/cc   -DCHECK_FUNCTION_EXISTS=alphasort -isysroot /Library/Developer/CommandLineTools/SDKs/MacOSX12.1.sdk -mmacosx-version-min=11.6 -MD -MT CMakeFiles/cmTC_23e1f.dir/CheckFunctionExists.c.o -MF CMakeFiles/cmTC_23e1f.dir/CheckFunctionExists.c.o.d -o CMakeFiles/cmTC_23e1f.dir/CheckFunctionExists.c.o -c /usr/local/Cellar/cmake/3.21.1/share/cmake/Modules/CheckFunctionExists.c
Linking C executable cmTC_23e1f
/usr/local/Cellar/cmake/3.21.1/bin/cmake -E cmake_link_script CMakeFiles/cmTC_23e1f.dir/link.txt --verbose=1
/Library/Developer/CommandLineTools/usr/bin/cc  -DCHECK_FUNCTION_EXISTS=alphasort -isysroot /Library/Developer/CommandLineTools/SDKs/MacOSX12.1.sdk -mmacosx-version-min=11.6 -Wl,-search_paths_first -Wl,-headerpad_max_install_names -L/usr/local/opt/libpcap/lib  CMakeFiles/cmTC_23e1f.dir/CheckFunctionExists.c.o -o cmTC_23e1f 



Determining if the function scandir exists passed with the following output:
Change Dir: /Users/me/Code/Previous-tweaks/previous-code/build/CMakeFiles/CMakeTmp

Run Build Command(s):/usr/bin/make -f Makefile cmTC_f8850/fast && /Library/Developer/CommandLineTools/usr/bin/make  -f CMakeFiles/cmTC_f8850.dir/build.make CMakeFiles/cmTC_f8850.dir/build
Building C object CMakeFiles/cmTC_f8850.dir/CheckFunctionExists.c.o
/Library/Developer/CommandLineTools/usr/bin/cc   -DCHECK_FUNCTION_EXISTS=scandir -isysroot /Library/Developer/CommandLineTools/SDKs/MacOSX12.1.sdk -mmacosx-version-min=11.6 -MD -MT CMakeFiles/cmTC_f8850.dir/CheckFunctionExists.c.o -MF CMakeFiles/cmTC_f8850.dir/CheckFunctionExists.c.o.d -o CMakeFiles/cmTC_f8850.dir/CheckFunctionExists.c.o -c /usr/local/Cellar/cmake/3.21.1/share/cmake/Modules/CheckFunctionExists.c
Linking C executable cmTC_f8850
/usr/local/Cellar/cmake/3.21.1/bin/cmake -E cmake_link_script CMakeFiles/cmTC_f8850.dir/link.txt --verbose=1
/Library/Developer/CommandLineTools/usr/bin/cc  -DCHECK_FUNCTION_EXISTS=scandir -isysroot /Library/Developer/CommandLineTools/SDKs/MacOSX12.1.sdk -mmacosx-version-min=11.6 -Wl,-search_paths_first -Wl,-headerpad_max_install_names -L/usr/local/opt/libpcap/lib  CMakeFiles/cmTC_f8850.dir/CheckFunctionExists.c.o -o cmTC_f8850 



Determining if the function strdup exists passed with the following output:
Change Dir: /Users/me/Code/Previous-tweaks/previous-code/build/CMakeFiles/CMakeTmp

Run Build Command(s):/usr/bin/make -f Makefile cmTC_71cc1/fast && /Library/Developer/CommandLineTools/usr/bin/make  -f CMakeFiles/cmTC_71cc1.dir/build.make CMakeFiles/cmTC_71cc1.dir/build
Building C object CMakeFiles/cmTC_71cc1.dir/CheckFunctionExists.c.o
/Library/Developer/CommandLineTools/usr/bin/cc   -DCHECK_FUNCTION_EXISTS=strdup -isysroot /Library/Developer/CommandLineTools/SDKs/MacOSX12.1.sdk -mmacosx-version-min=11.6 -MD -MT CMakeFiles/cmTC_71cc1.dir/CheckFunctionExists.c.o -MF CMakeFiles/cmTC_71cc1.dir/CheckFunctionExists.c.o.d -o CMakeFiles/cmTC_71cc1.dir/CheckFunctionExists.c.o -c /usr/local/Cellar/cmake/3.21.1/share/cmake/Modules/CheckFunctionExists.c
/usr/local/Cellar/cmake/3.21.1/share/cmake/Modules/CheckFunctionExists.c:7:3: warning: incompatible redeclaration of library function 'strdup' [-Wincompatible-library-redeclaration]
  CHECK_FUNCTION_EXISTS(void);
  ^
<command line>:1:31: note: expanded from here
#define CHECK_FUNCTION_EXISTS strdup
                              ^
/usr/local/Cellar/cmake/3.21.1/share/cmake/Modules/CheckFunctionExists.c:7:3: note: 'strdup' is a builtin with type 'char *(const char *)'
<command line>:1:31: note: expanded from here
#define CHECK_FUNCTION_EXISTS strdup
                              ^
1 warning generated.
Linking C executable cmTC_71cc1
/usr/local/Cellar/cmake/3.21.1/bin/cmake -E cmake_link_script CMakeFiles/cmTC_71cc1.dir/link.txt --verbose=1
/Library/Developer/CommandLineTools/usr/bin/cc  -DCHECK_FUNCTION_EXISTS=strdup -isysroot /Library/Developer/CommandLineTools/SDKs/MacOSX12.1.sdk -mmacosx-version-min=11.6 -Wl,-search_paths_first -Wl,-headerpad_max_install_names -L/usr/local/opt/libpcap/lib  CMakeFiles/cmTC_71cc1.dir/CheckFunctionExists.c.o -o cmTC_71cc1 



Determining if the function posix_memalign exists passed with the following output:
Change Dir: /Users/me/Code/Previous-tweaks/previous-code/build/CMakeFiles/CMakeTmp

Run Build Command(s):/usr/bin/make -f Makefile cmTC_31311/fast && /Library/Developer/CommandLineTools/usr/bin/make  -f CMakeFiles/cmTC_31311.dir/build.make CMakeFiles/cmTC_31311.dir/build
Building C object CMakeFiles/cmTC_31311.dir/CheckFunctionExists.c.o
/Library/Developer/CommandLineTools/usr/bin/cc   -DCHECK_FUNCTION_EXISTS=posix_memalign -isysroot /Library/Developer/CommandLineTools/SDKs/MacOSX12.1.sdk -mmacosx-version-min=11.6 -MD -MT CMakeFiles/cmTC_31311.dir/CheckFunctionExists.c.o -MF CMakeFiles/cmTC_31311.dir/CheckFunctionExists.c.o.d -o CMakeFiles/cmTC_31311.dir/CheckFunctionExists.c.o -c /usr/local/Cellar/cmake/3.21.1/share/cmake/Modules/CheckFunctionExists.c
Linking C executable cmTC_31311
/usr/local/Cellar/cmake/3.21.1/bin/cmake -E cmake_link_script CMakeFiles/cmTC_31311.dir/link.txt --verbose=1
/Library/Developer/CommandLineTools/usr/bin/cc  -DCHECK_FUNCTION_EXISTS=posix_memalign -isysroot /Library/Developer/CommandLineTools/SDKs/MacOSX12.1.sdk -mmacosx-version-min=11.6 -Wl,-search_paths_first -Wl,-headerpad_max_install_names -L/usr/local/opt/libpcap/lib  CMakeFiles/cmTC_31311.dir/CheckFunctionExists.c.o -o cmTC_31311 



Determining if the function aligned_alloc exists passed with the following output:
Change Dir: /Users/me/Code/Previous-tweaks/previous-code/build/CMakeFiles/CMakeTmp

Run Build Command(s):/usr/bin/make -f Makefile cmTC_c456f/fast && /Library/Developer/CommandLineTools/usr/bin/make  -f CMakeFiles/cmTC_c456f.dir/build.make CMakeFiles/cmTC_c456f.dir/build
Building C object CMakeFiles/cmTC_c456f.dir/CheckFunctionExists.c.o
/Library/Developer/CommandLineTools/usr/bin/cc   -DCHECK_FUNCTION_EXISTS=aligned_alloc -isysroot /Library/Developer/CommandLineTools/SDKs/MacOSX12.1.sdk -mmacosx-version-min=11.6 -MD -MT CMakeFiles/cmTC_c456f.dir/CheckFunctionExists.c.o -MF CMakeFiles/cmTC_c456f.dir/CheckFunctionExists.c.o.d -o CMakeFiles/cmTC_c456f.dir/CheckFunctionExists.c.o -c /usr/local/Cellar/cmake/3.21.1/share/cmake/Modules/CheckFunctionExists.c
Linking C executable cmTC_c456f
/usr/local/Cellar/cmake/3.21.1/bin/cmake -E cmake_link_script CMakeFiles/cmTC_c456f.dir/link.txt --verbose=1
/Library/Developer/CommandLineTools/usr/bin/cc  -DCHECK_FUNCTION_EXISTS=aligned_alloc -isysroot /Library/Developer/CommandLineTools/SDKs/MacOSX12.1.sdk -mmacosx-version-min=11.6 -Wl,-search_paths_first -Wl,-headerpad_max_install_names -L/usr/local/opt/libpcap/lib  CMakeFiles/cmTC_c456f.dir/CheckFunctionExists.c.o -o cmTC_c456f 



Performing C SOURCE FILE Test HAVE_STRUCT_STAT_ST_ATIMESPEC succeeded with the following output:
Change Dir: /Users/me/Code/Previous-tweaks/previous-code/build/CMakeFiles/CMakeTmp

Run Build Command(s):/usr/bin/make -f Makefile cmTC_51e68/fast && /Library/Developer/CommandLineTools/usr/bin/make  -f CMakeFiles/cmTC_51e68.dir/build.make CMakeFiles/cmTC_51e68.dir/build
Building C object CMakeFiles/cmTC_51e68.dir/src.c.o
/Library/Developer/CommandLineTools/usr/bin/cc -DHAVE_STRUCT_STAT_ST_ATIMESPEC  -isysroot /Library/Developer/CommandLineTools/SDKs/MacOSX12.1.sdk -mmacosx-version-min=11.6 -MD -MT CMakeFiles/cmTC_51e68.dir/src.c.o -MF CMakeFiles/cmTC_51e68.dir/src.c.o.d -o CMakeFiles/cmTC_51e68.dir/src.c.o -c /Users/me/Code/Previous-tweaks/previous-code/build/CMakeFiles/CMakeTmp/src.c
Linking C executable cmTC_51e68
/usr/local/Cellar/cmake/3.21.1/bin/cmake -E cmake_link_script CMakeFiles/cmTC_51e68.dir/link.txt --verbose=1
/Library/Developer/CommandLineTools/usr/bin/cc  -isysroot /Library/Developer/CommandLineTools/SDKs/MacOSX12.1.sdk -mmacosx-version-min=11.6 -Wl,-search_paths_first -Wl,-headerpad_max_install_names -L/usr/local/opt/libpcap/lib  CMakeFiles/cmTC_51e68.dir/src.c.o -o cmTC_51e68 


Source file was:

#include <sys/types.h>
#include <sys/stat.h>

int main()
{
  (void)sizeof(((struct stat *)0)->st_atimespec.tv_nsec);
  return 0;
}

Performing C SOURCE FILE Test HAVE_STRUCT_STAT_ST_MTIMESPEC succeeded with the following output:
Change Dir: /Users/me/Code/Previous-tweaks/previous-code/build/CMakeFiles/CMakeTmp

Run Build Command(s):/usr/bin/make -f Makefile cmTC_ed882/fast && /Library/Developer/CommandLineTools/usr/bin/make  -f CMakeFiles/cmTC_ed882.dir/build.make CMakeFiles/cmTC_ed882.dir/build
Building C object CMakeFiles/cmTC_ed882.dir/src.c.o
/Library/Developer/CommandLineTools/usr/bin/cc -DHAVE_STRUCT_STAT_ST_MTIMESPEC  -isysroot /Library/Developer/CommandLineTools/SDKs/MacOSX12.1.sdk -mmacosx-version-min=11.6 -MD -MT CMakeFiles/cmTC_ed882.dir/src.c.o -MF CMakeFiles/cmTC_ed882.dir/src.c.o.d -o CMakeFiles/cmTC_ed882.dir/src.c.o -c /Users/me/Code/Previous-tweaks/previous-code/build/CMakeFiles/CMakeTmp/src.c
Linking C executable cmTC_ed882
/usr/local/Cellar/cmake/3.21.1/bin/cmake -E cmake_link_script CMakeFiles/cmTC_ed882.dir/link.txt --verbose=1
/Library/Developer/CommandLineTools/usr/bin/cc  -isysroot /Library/Developer/CommandLineTools/SDKs/MacOSX12.1.sdk -mmacosx-version-min=11.6 -Wl,-search_paths_first -Wl,-headerpad_max_install_names -L/usr/local/opt/libpcap/lib  CMakeFiles/cmTC_ed882.dir/src.c.o -o cmTC_ed882 


Source file was:

#include <sys/types.h>
#include <sys/stat.h>

int main()
{
  (void)sizeof(((struct stat *)0)->st_mtimespec.tv_nsec);
  return 0;
}

Determining if files sys/filio.h exist passed with the following output:
Change Dir: /Users/me/Code/Previous-tweaks/previous-code/build/CMakeFiles/CMakeTmp

Run Build Command(s):/usr/bin/make -f Makefile cmTC_11572/fast && /Library/Developer/CommandLineTools/usr/bin/make  -f CMakeFiles/cmTC_11572.dir/build.make CMakeFiles/cmTC_11572.dir/build
Building C object CMakeFiles/cmTC_11572.dir/HAVE_SYS_FILIO_H.c.o
/Library/Developer/CommandLineTools/usr/bin/cc   -isysroot /Library/Developer/CommandLineTools/SDKs/MacOSX12.1.sdk -mmacosx-version-min=11.6 -MD -MT CMakeFiles/cmTC_11572.dir/HAVE_SYS_FILIO_H.c.o -MF CMakeFiles/cmTC_11572.dir/HAVE_SYS_FILIO_H.c.o.d -o CMakeFiles/cmTC_11572.dir/HAVE_SYS_FILIO_H.c.o -c /Users/me/Code/Previous-tweaks/previous-code/build/CMakeFiles/CheckIncludeFiles/HAVE_SYS_FILIO_H.c
Linking C executable cmTC_11572
/usr/local/Cellar/cmake/3.21.1/bin/cmake -E cmake_link_script CMakeFiles/cmTC_11572.dir/link.txt --verbose=1
/Library/Developer/CommandLineTools/usr/bin/cc  -isysroot /Library/Developer/CommandLineTools/SDKs/MacOSX12.1.sdk -mmacosx-version-min=11.6 -Wl,-search_paths_first -Wl,-headerpad_max_install_names -L/usr/local/opt/libpcap/lib  CMakeFiles/cmTC_11572.dir/HAVE_SYS_FILIO_H.c.o -o cmTC_11572 



Determining if files sys/ioctl.h exist passed with the following output:
Change Dir: /Users/me/Code/Previous-tweaks/previous-code/build/CMakeFiles/CMakeTmp

Run Build Command(s):/usr/bin/make -f Makefile cmTC_b9219/fast && /Library/Developer/CommandLineTools/usr/bin/make  -f CMakeFiles/cmTC_b9219.dir/build.make CMakeFiles/cmTC_b9219.dir/build
Building C object CMakeFiles/cmTC_b9219.dir/HAVE_SYS_IOCTL_H.c.o
/Library/Developer/CommandLineTools/usr/bin/cc   -isysroot /Library/Developer/CommandLineTools/SDKs/MacOSX12.1.sdk -mmacosx-version-min=11.6 -MD -MT CMakeFiles/cmTC_b9219.dir/HAVE_SYS_IOCTL_H.c.o -MF CMakeFiles/cmTC_b9219.dir/HAVE_SYS_IOCTL_H.c.o.d -o CMakeFiles/cmTC_b9219.dir/HAVE_SYS_IOCTL_H.c.o -c /Users/me/Code/Previous-tweaks/previous-code/build/CMakeFiles/CheckIncludeFiles/HAVE_SYS_IOCTL_H.c
Linking C executable cmTC_b9219
/usr/local/Cellar/cmake/3.21.1/bin/cmake -E cmake_link_script CMakeFiles/cmTC_b9219.dir/link.txt --verbose=1
/Library/Developer/CommandLineTools/usr/bin/cc  -isysroot /Library/Developer/CommandLineTools/SDKs/MacOSX12.1.sdk -mmacosx-version-min=11.6 -Wl,-search_paths_first -Wl,-headerpad_max_install_names -L/usr/local/opt/libpcap/lib  CMakeFiles/cmTC_b9219.dir/HAVE_SYS_IOCTL_H.c.o -o cmTC_b9219 



Determining if files unistd.h exist passed with the following output:
Change Dir: /Users/me/Code/Previous-tweaks/previous-code/build/CMakeFiles/CMakeTmp

Run Build Command(s):/usr/bin/make -f Makefile cmTC_66499/fast && /Library/Developer/CommandLineTools/usr/bin/make  -f CMakeFiles/cmTC_66499.dir/build.make CMakeFiles/cmTC_66499.dir/build
Building C object CMakeFiles/cmTC_66499.dir/HAVE_UNISTD_H.c.o
/Library/Developer/CommandLineTools/usr/bin/cc   -isysroot /Library/Developer/CommandLineTools/SDKs/MacOSX12.1.sdk -mmacosx-version-min=11.6 -MD -MT CMakeFiles/cmTC_66499.dir/HAVE_UNISTD_H.c.o -MF CMakeFiles/cmTC_66499.dir/HAVE_UNISTD_H.c.o.d -o CMakeFiles/cmTC_66499.dir/HAVE_UNISTD_H.c.o -c /Users/me/Code/Previous-tweaks/previous-code/build/CMakeFiles/CheckIncludeFiles/HAVE_UNISTD_H.c
Linking C executable cmTC_66499
/usr/local/Cellar/cmake/3.21.1/bin/cmake -E cmake_link_script CMakeFiles/cmTC_66499.dir/link.txt --verbose=1
/Library/Developer/CommandLineTools/usr/bin/cc  -isysroot /Library/Developer/CommandLineTools/SDKs/MacOSX12.1.sdk -mmacosx-version-min=11.6 -Wl,-search_paths_first -Wl,-headerpad_max_install_names -L/usr/local/opt/libpcap/lib  CMakeFiles/cmTC_66499.dir/HAVE_UNISTD_H.c.o -o cmTC_66499 



